ARM GAS  /tmp/cccgjKD9.s 			page 1


   1              		.cpu cortex-m4
   2              		.eabi_attribute 27, 1
   3              		.eabi_attribute 28, 1
   4              		.eabi_attribute 20, 1
   5              		.eabi_attribute 21, 1
   6              		.eabi_attribute 23, 3
   7              		.eabi_attribute 24, 1
   8              		.eabi_attribute 25, 1
   9              		.eabi_attribute 26, 1
  10              		.eabi_attribute 30, 1
  11              		.eabi_attribute 34, 1
  12              		.eabi_attribute 18, 4
  13              		.file	"stm32l4xx_hal_msp.c"
  14              		.text
  15              	.Ltext0:
  16              		.cfi_sections	.debug_frame
  17              		.section	.text.HAL_MspInit,"ax",%progbits
  18              		.align	1
  19              		.global	HAL_MspInit
  20              		.arch armv7e-m
  21              		.syntax unified
  22              		.thumb
  23              		.thumb_func
  24              		.fpu fpv4-sp-d16
  26              	HAL_MspInit:
  27              	.LFB132:
  28              		.file 1 "Src/stm32l4xx_hal_msp.c"
   1:Src/stm32l4xx_hal_msp.c **** /* USER CODE BEGIN Header */
   2:Src/stm32l4xx_hal_msp.c **** /**
   3:Src/stm32l4xx_hal_msp.c ****   ******************************************************************************
   4:Src/stm32l4xx_hal_msp.c ****   * @file         stm32l4xx_hal_msp.c
   5:Src/stm32l4xx_hal_msp.c ****   * @brief        This file provides code for the MSP Initialization
   6:Src/stm32l4xx_hal_msp.c ****   *               and de-Initialization codes.
   7:Src/stm32l4xx_hal_msp.c ****   ******************************************************************************
   8:Src/stm32l4xx_hal_msp.c ****   * @attention
   9:Src/stm32l4xx_hal_msp.c ****   *
  10:Src/stm32l4xx_hal_msp.c ****   * <h2><center>&copy; Copyright (c) 2021 STMicroelectronics.
  11:Src/stm32l4xx_hal_msp.c ****   * All rights reserved.</center></h2>
  12:Src/stm32l4xx_hal_msp.c ****   *
  13:Src/stm32l4xx_hal_msp.c ****   * This software component is licensed by ST under BSD 3-Clause license,
  14:Src/stm32l4xx_hal_msp.c ****   * the "License"; You may not use this file except in compliance with the
  15:Src/stm32l4xx_hal_msp.c ****   * License. You may obtain a copy of the License at:
  16:Src/stm32l4xx_hal_msp.c ****   *                        opensource.org/licenses/BSD-3-Clause
  17:Src/stm32l4xx_hal_msp.c ****   *
  18:Src/stm32l4xx_hal_msp.c ****   ******************************************************************************
  19:Src/stm32l4xx_hal_msp.c ****   */
  20:Src/stm32l4xx_hal_msp.c **** /* USER CODE END Header */
  21:Src/stm32l4xx_hal_msp.c **** 
  22:Src/stm32l4xx_hal_msp.c **** /* Includes ------------------------------------------------------------------*/
  23:Src/stm32l4xx_hal_msp.c **** #include "main.h"
  24:Src/stm32l4xx_hal_msp.c **** /* USER CODE BEGIN Includes */
  25:Src/stm32l4xx_hal_msp.c **** 
  26:Src/stm32l4xx_hal_msp.c **** /* USER CODE END Includes */
  27:Src/stm32l4xx_hal_msp.c **** 
  28:Src/stm32l4xx_hal_msp.c **** /* Private typedef -----------------------------------------------------------*/
  29:Src/stm32l4xx_hal_msp.c **** /* USER CODE BEGIN TD */
  30:Src/stm32l4xx_hal_msp.c **** 
ARM GAS  /tmp/cccgjKD9.s 			page 2


  31:Src/stm32l4xx_hal_msp.c **** /* USER CODE END TD */
  32:Src/stm32l4xx_hal_msp.c **** 
  33:Src/stm32l4xx_hal_msp.c **** /* Private define ------------------------------------------------------------*/
  34:Src/stm32l4xx_hal_msp.c **** /* USER CODE BEGIN Define */
  35:Src/stm32l4xx_hal_msp.c **** 
  36:Src/stm32l4xx_hal_msp.c **** /* USER CODE END Define */
  37:Src/stm32l4xx_hal_msp.c **** 
  38:Src/stm32l4xx_hal_msp.c **** /* Private macro -------------------------------------------------------------*/
  39:Src/stm32l4xx_hal_msp.c **** /* USER CODE BEGIN Macro */
  40:Src/stm32l4xx_hal_msp.c **** 
  41:Src/stm32l4xx_hal_msp.c **** /* USER CODE END Macro */
  42:Src/stm32l4xx_hal_msp.c **** 
  43:Src/stm32l4xx_hal_msp.c **** /* Private variables ---------------------------------------------------------*/
  44:Src/stm32l4xx_hal_msp.c **** /* USER CODE BEGIN PV */
  45:Src/stm32l4xx_hal_msp.c **** 
  46:Src/stm32l4xx_hal_msp.c **** /* USER CODE END PV */
  47:Src/stm32l4xx_hal_msp.c **** 
  48:Src/stm32l4xx_hal_msp.c **** /* Private function prototypes -----------------------------------------------*/
  49:Src/stm32l4xx_hal_msp.c **** /* USER CODE BEGIN PFP */
  50:Src/stm32l4xx_hal_msp.c **** 
  51:Src/stm32l4xx_hal_msp.c **** /* USER CODE END PFP */
  52:Src/stm32l4xx_hal_msp.c **** 
  53:Src/stm32l4xx_hal_msp.c **** /* External functions --------------------------------------------------------*/
  54:Src/stm32l4xx_hal_msp.c **** /* USER CODE BEGIN ExternalFunctions */
  55:Src/stm32l4xx_hal_msp.c **** 
  56:Src/stm32l4xx_hal_msp.c **** /* USER CODE END ExternalFunctions */
  57:Src/stm32l4xx_hal_msp.c **** 
  58:Src/stm32l4xx_hal_msp.c **** /* USER CODE BEGIN 0 */
  59:Src/stm32l4xx_hal_msp.c **** 
  60:Src/stm32l4xx_hal_msp.c **** /* USER CODE END 0 */
  61:Src/stm32l4xx_hal_msp.c **** /**
  62:Src/stm32l4xx_hal_msp.c ****   * Initializes the Global MSP.
  63:Src/stm32l4xx_hal_msp.c ****   */
  64:Src/stm32l4xx_hal_msp.c **** void HAL_MspInit(void)
  65:Src/stm32l4xx_hal_msp.c **** {
  29              		.loc 1 65 1 view -0
  30              		.cfi_startproc
  31              		@ args = 0, pretend = 0, frame = 8
  32              		@ frame_needed = 0, uses_anonymous_args = 0
  33              		@ link register save eliminated.
  34 0000 82B0     		sub	sp, sp, #8
  35              	.LCFI0:
  36              		.cfi_def_cfa_offset 8
  66:Src/stm32l4xx_hal_msp.c ****   /* USER CODE BEGIN MspInit 0 */
  67:Src/stm32l4xx_hal_msp.c **** 
  68:Src/stm32l4xx_hal_msp.c ****   /* USER CODE END MspInit 0 */
  69:Src/stm32l4xx_hal_msp.c **** 
  70:Src/stm32l4xx_hal_msp.c ****   __HAL_RCC_SYSCFG_CLK_ENABLE();
  37              		.loc 1 70 3 view .LVU1
  38              	.LBB2:
  39              		.loc 1 70 3 view .LVU2
  40              		.loc 1 70 3 view .LVU3
  41 0002 0A4B     		ldr	r3, .L3
  42 0004 1A6E     		ldr	r2, [r3, #96]
  43 0006 42F00102 		orr	r2, r2, #1
  44 000a 1A66     		str	r2, [r3, #96]
  45              		.loc 1 70 3 view .LVU4
ARM GAS  /tmp/cccgjKD9.s 			page 3


  46 000c 1A6E     		ldr	r2, [r3, #96]
  47 000e 02F00102 		and	r2, r2, #1
  48 0012 0092     		str	r2, [sp]
  49              		.loc 1 70 3 view .LVU5
  50 0014 009A     		ldr	r2, [sp]
  51              	.LBE2:
  52              		.loc 1 70 3 view .LVU6
  71:Src/stm32l4xx_hal_msp.c ****   __HAL_RCC_PWR_CLK_ENABLE();
  53              		.loc 1 71 3 view .LVU7
  54              	.LBB3:
  55              		.loc 1 71 3 view .LVU8
  56              		.loc 1 71 3 view .LVU9
  57 0016 9A6D     		ldr	r2, [r3, #88]
  58 0018 42F08052 		orr	r2, r2, #268435456
  59 001c 9A65     		str	r2, [r3, #88]
  60              		.loc 1 71 3 view .LVU10
  61 001e 9B6D     		ldr	r3, [r3, #88]
  62 0020 03F08053 		and	r3, r3, #268435456
  63 0024 0193     		str	r3, [sp, #4]
  64              		.loc 1 71 3 view .LVU11
  65 0026 019B     		ldr	r3, [sp, #4]
  66              	.LBE3:
  67              		.loc 1 71 3 view .LVU12
  72:Src/stm32l4xx_hal_msp.c **** 
  73:Src/stm32l4xx_hal_msp.c ****   /* System interrupt init*/
  74:Src/stm32l4xx_hal_msp.c **** 
  75:Src/stm32l4xx_hal_msp.c ****   /* USER CODE BEGIN MspInit 1 */
  76:Src/stm32l4xx_hal_msp.c **** 
  77:Src/stm32l4xx_hal_msp.c ****   /* USER CODE END MspInit 1 */
  78:Src/stm32l4xx_hal_msp.c **** }
  68              		.loc 1 78 1 is_stmt 0 view .LVU13
  69 0028 02B0     		add	sp, sp, #8
  70              	.LCFI1:
  71              		.cfi_def_cfa_offset 0
  72              		@ sp needed
  73 002a 7047     		bx	lr
  74              	.L4:
  75              		.align	2
  76              	.L3:
  77 002c 00100240 		.word	1073876992
  78              		.cfi_endproc
  79              	.LFE132:
  81              		.section	.text.HAL_SPI_MspInit,"ax",%progbits
  82              		.align	1
  83              		.global	HAL_SPI_MspInit
  84              		.syntax unified
  85              		.thumb
  86              		.thumb_func
  87              		.fpu fpv4-sp-d16
  89              	HAL_SPI_MspInit:
  90              	.LVL0:
  91              	.LFB133:
  79:Src/stm32l4xx_hal_msp.c **** 
  80:Src/stm32l4xx_hal_msp.c **** /**
  81:Src/stm32l4xx_hal_msp.c **** * @brief SPI MSP Initialization
  82:Src/stm32l4xx_hal_msp.c **** * This function configures the hardware resources used in this example
  83:Src/stm32l4xx_hal_msp.c **** * @param hspi: SPI handle pointer
ARM GAS  /tmp/cccgjKD9.s 			page 4


  84:Src/stm32l4xx_hal_msp.c **** * @retval None
  85:Src/stm32l4xx_hal_msp.c **** */
  86:Src/stm32l4xx_hal_msp.c **** void HAL_SPI_MspInit(SPI_HandleTypeDef* hspi)
  87:Src/stm32l4xx_hal_msp.c **** {
  92              		.loc 1 87 1 is_stmt 1 view -0
  93              		.cfi_startproc
  94              		@ args = 0, pretend = 0, frame = 32
  95              		@ frame_needed = 0, uses_anonymous_args = 0
  96              		.loc 1 87 1 is_stmt 0 view .LVU15
  97 0000 00B5     		push	{lr}
  98              	.LCFI2:
  99              		.cfi_def_cfa_offset 4
 100              		.cfi_offset 14, -4
 101 0002 89B0     		sub	sp, sp, #36
 102              	.LCFI3:
 103              		.cfi_def_cfa_offset 40
  88:Src/stm32l4xx_hal_msp.c ****   GPIO_InitTypeDef GPIO_InitStruct = {0};
 104              		.loc 1 88 3 is_stmt 1 view .LVU16
 105              		.loc 1 88 20 is_stmt 0 view .LVU17
 106 0004 0023     		movs	r3, #0
 107 0006 0393     		str	r3, [sp, #12]
 108 0008 0493     		str	r3, [sp, #16]
 109 000a 0593     		str	r3, [sp, #20]
 110 000c 0693     		str	r3, [sp, #24]
 111 000e 0793     		str	r3, [sp, #28]
  89:Src/stm32l4xx_hal_msp.c ****   if(hspi->Instance==SPI1)
 112              		.loc 1 89 3 is_stmt 1 view .LVU18
 113              		.loc 1 89 10 is_stmt 0 view .LVU19
 114 0010 0268     		ldr	r2, [r0]
 115              		.loc 1 89 5 view .LVU20
 116 0012 154B     		ldr	r3, .L9
 117 0014 9A42     		cmp	r2, r3
 118 0016 02D0     		beq	.L8
 119              	.LVL1:
 120              	.L5:
  90:Src/stm32l4xx_hal_msp.c ****   {
  91:Src/stm32l4xx_hal_msp.c ****   /* USER CODE BEGIN SPI1_MspInit 0 */
  92:Src/stm32l4xx_hal_msp.c **** 
  93:Src/stm32l4xx_hal_msp.c ****   /* USER CODE END SPI1_MspInit 0 */
  94:Src/stm32l4xx_hal_msp.c ****     /* Peripheral clock enable */
  95:Src/stm32l4xx_hal_msp.c ****     __HAL_RCC_SPI1_CLK_ENABLE();
  96:Src/stm32l4xx_hal_msp.c **** 
  97:Src/stm32l4xx_hal_msp.c ****     __HAL_RCC_GPIOA_CLK_ENABLE();
  98:Src/stm32l4xx_hal_msp.c ****     /**SPI1 GPIO Configuration
  99:Src/stm32l4xx_hal_msp.c ****     PA1     ------> SPI1_SCK
 100:Src/stm32l4xx_hal_msp.c ****     PA4     ------> SPI1_NSS
 101:Src/stm32l4xx_hal_msp.c ****     PA6     ------> SPI1_MISO
 102:Src/stm32l4xx_hal_msp.c ****     PA7     ------> SPI1_MOSI
 103:Src/stm32l4xx_hal_msp.c ****     */
 104:Src/stm32l4xx_hal_msp.c ****     GPIO_InitStruct.Pin = GPIO_PIN_1|GPIO_PIN_4|GPIO_PIN_6|GPIO_PIN_7;
 105:Src/stm32l4xx_hal_msp.c ****     GPIO_InitStruct.Mode = GPIO_MODE_AF_PP;
 106:Src/stm32l4xx_hal_msp.c ****     GPIO_InitStruct.Pull = GPIO_NOPULL;
 107:Src/stm32l4xx_hal_msp.c ****     GPIO_InitStruct.Speed = GPIO_SPEED_FREQ_VERY_HIGH;
 108:Src/stm32l4xx_hal_msp.c ****     GPIO_InitStruct.Alternate = GPIO_AF5_SPI1;
 109:Src/stm32l4xx_hal_msp.c ****     HAL_GPIO_Init(GPIOA, &GPIO_InitStruct);
 110:Src/stm32l4xx_hal_msp.c **** 
 111:Src/stm32l4xx_hal_msp.c ****   /* USER CODE BEGIN SPI1_MspInit 1 */
ARM GAS  /tmp/cccgjKD9.s 			page 5


 112:Src/stm32l4xx_hal_msp.c **** 
 113:Src/stm32l4xx_hal_msp.c ****   /* USER CODE END SPI1_MspInit 1 */
 114:Src/stm32l4xx_hal_msp.c ****   }
 115:Src/stm32l4xx_hal_msp.c **** 
 116:Src/stm32l4xx_hal_msp.c **** }
 121              		.loc 1 116 1 view .LVU21
 122 0018 09B0     		add	sp, sp, #36
 123              	.LCFI4:
 124              		.cfi_remember_state
 125              		.cfi_def_cfa_offset 4
 126              		@ sp needed
 127 001a 5DF804FB 		ldr	pc, [sp], #4
 128              	.LVL2:
 129              	.L8:
 130              	.LCFI5:
 131              		.cfi_restore_state
  95:Src/stm32l4xx_hal_msp.c **** 
 132              		.loc 1 95 5 is_stmt 1 view .LVU22
 133              	.LBB4:
  95:Src/stm32l4xx_hal_msp.c **** 
 134              		.loc 1 95 5 view .LVU23
  95:Src/stm32l4xx_hal_msp.c **** 
 135              		.loc 1 95 5 view .LVU24
 136 001e 03F56043 		add	r3, r3, #57344
 137 0022 1A6E     		ldr	r2, [r3, #96]
 138 0024 42F48052 		orr	r2, r2, #4096
 139 0028 1A66     		str	r2, [r3, #96]
  95:Src/stm32l4xx_hal_msp.c **** 
 140              		.loc 1 95 5 view .LVU25
 141 002a 1A6E     		ldr	r2, [r3, #96]
 142 002c 02F48052 		and	r2, r2, #4096
 143 0030 0192     		str	r2, [sp, #4]
  95:Src/stm32l4xx_hal_msp.c **** 
 144              		.loc 1 95 5 view .LVU26
 145 0032 019A     		ldr	r2, [sp, #4]
 146              	.LBE4:
  95:Src/stm32l4xx_hal_msp.c **** 
 147              		.loc 1 95 5 view .LVU27
  97:Src/stm32l4xx_hal_msp.c ****     /**SPI1 GPIO Configuration
 148              		.loc 1 97 5 view .LVU28
 149              	.LBB5:
  97:Src/stm32l4xx_hal_msp.c ****     /**SPI1 GPIO Configuration
 150              		.loc 1 97 5 view .LVU29
  97:Src/stm32l4xx_hal_msp.c ****     /**SPI1 GPIO Configuration
 151              		.loc 1 97 5 view .LVU30
 152 0034 DA6C     		ldr	r2, [r3, #76]
 153 0036 42F00102 		orr	r2, r2, #1
 154 003a DA64     		str	r2, [r3, #76]
  97:Src/stm32l4xx_hal_msp.c ****     /**SPI1 GPIO Configuration
 155              		.loc 1 97 5 view .LVU31
 156 003c DB6C     		ldr	r3, [r3, #76]
 157 003e 03F00103 		and	r3, r3, #1
 158 0042 0293     		str	r3, [sp, #8]
  97:Src/stm32l4xx_hal_msp.c ****     /**SPI1 GPIO Configuration
 159              		.loc 1 97 5 view .LVU32
 160 0044 029B     		ldr	r3, [sp, #8]
 161              	.LBE5:
ARM GAS  /tmp/cccgjKD9.s 			page 6


  97:Src/stm32l4xx_hal_msp.c ****     /**SPI1 GPIO Configuration
 162              		.loc 1 97 5 view .LVU33
 104:Src/stm32l4xx_hal_msp.c ****     GPIO_InitStruct.Mode = GPIO_MODE_AF_PP;
 163              		.loc 1 104 5 view .LVU34
 104:Src/stm32l4xx_hal_msp.c ****     GPIO_InitStruct.Mode = GPIO_MODE_AF_PP;
 164              		.loc 1 104 25 is_stmt 0 view .LVU35
 165 0046 D223     		movs	r3, #210
 166 0048 0393     		str	r3, [sp, #12]
 105:Src/stm32l4xx_hal_msp.c ****     GPIO_InitStruct.Pull = GPIO_NOPULL;
 167              		.loc 1 105 5 is_stmt 1 view .LVU36
 105:Src/stm32l4xx_hal_msp.c ****     GPIO_InitStruct.Pull = GPIO_NOPULL;
 168              		.loc 1 105 26 is_stmt 0 view .LVU37
 169 004a 0223     		movs	r3, #2
 170 004c 0493     		str	r3, [sp, #16]
 106:Src/stm32l4xx_hal_msp.c ****     GPIO_InitStruct.Speed = GPIO_SPEED_FREQ_VERY_HIGH;
 171              		.loc 1 106 5 is_stmt 1 view .LVU38
 106:Src/stm32l4xx_hal_msp.c ****     GPIO_InitStruct.Speed = GPIO_SPEED_FREQ_VERY_HIGH;
 172              		.loc 1 106 26 is_stmt 0 view .LVU39
 173 004e 0023     		movs	r3, #0
 174 0050 0593     		str	r3, [sp, #20]
 107:Src/stm32l4xx_hal_msp.c ****     GPIO_InitStruct.Alternate = GPIO_AF5_SPI1;
 175              		.loc 1 107 5 is_stmt 1 view .LVU40
 107:Src/stm32l4xx_hal_msp.c ****     GPIO_InitStruct.Alternate = GPIO_AF5_SPI1;
 176              		.loc 1 107 27 is_stmt 0 view .LVU41
 177 0052 0323     		movs	r3, #3
 178 0054 0693     		str	r3, [sp, #24]
 108:Src/stm32l4xx_hal_msp.c ****     HAL_GPIO_Init(GPIOA, &GPIO_InitStruct);
 179              		.loc 1 108 5 is_stmt 1 view .LVU42
 108:Src/stm32l4xx_hal_msp.c ****     HAL_GPIO_Init(GPIOA, &GPIO_InitStruct);
 180              		.loc 1 108 31 is_stmt 0 view .LVU43
 181 0056 0523     		movs	r3, #5
 182 0058 0793     		str	r3, [sp, #28]
 109:Src/stm32l4xx_hal_msp.c **** 
 183              		.loc 1 109 5 is_stmt 1 view .LVU44
 184 005a 03A9     		add	r1, sp, #12
 185 005c 4FF09040 		mov	r0, #1207959552
 186              	.LVL3:
 109:Src/stm32l4xx_hal_msp.c **** 
 187              		.loc 1 109 5 is_stmt 0 view .LVU45
 188 0060 FFF7FEFF 		bl	HAL_GPIO_Init
 189              	.LVL4:
 190              		.loc 1 116 1 view .LVU46
 191 0064 D8E7     		b	.L5
 192              	.L10:
 193 0066 00BF     		.align	2
 194              	.L9:
 195 0068 00300140 		.word	1073819648
 196              		.cfi_endproc
 197              	.LFE133:
 199              		.section	.text.HAL_SPI_MspDeInit,"ax",%progbits
 200              		.align	1
 201              		.global	HAL_SPI_MspDeInit
 202              		.syntax unified
 203              		.thumb
 204              		.thumb_func
 205              		.fpu fpv4-sp-d16
 207              	HAL_SPI_MspDeInit:
ARM GAS  /tmp/cccgjKD9.s 			page 7


 208              	.LVL5:
 209              	.LFB134:
 117:Src/stm32l4xx_hal_msp.c **** 
 118:Src/stm32l4xx_hal_msp.c **** /**
 119:Src/stm32l4xx_hal_msp.c **** * @brief SPI MSP De-Initialization
 120:Src/stm32l4xx_hal_msp.c **** * This function freeze the hardware resources used in this example
 121:Src/stm32l4xx_hal_msp.c **** * @param hspi: SPI handle pointer
 122:Src/stm32l4xx_hal_msp.c **** * @retval None
 123:Src/stm32l4xx_hal_msp.c **** */
 124:Src/stm32l4xx_hal_msp.c **** void HAL_SPI_MspDeInit(SPI_HandleTypeDef* hspi)
 125:Src/stm32l4xx_hal_msp.c **** {
 210              		.loc 1 125 1 is_stmt 1 view -0
 211              		.cfi_startproc
 212              		@ args = 0, pretend = 0, frame = 0
 213              		@ frame_needed = 0, uses_anonymous_args = 0
 214              		.loc 1 125 1 is_stmt 0 view .LVU48
 215 0000 08B5     		push	{r3, lr}
 216              	.LCFI6:
 217              		.cfi_def_cfa_offset 8
 218              		.cfi_offset 3, -8
 219              		.cfi_offset 14, -4
 126:Src/stm32l4xx_hal_msp.c ****   if(hspi->Instance==SPI1)
 220              		.loc 1 126 3 is_stmt 1 view .LVU49
 221              		.loc 1 126 10 is_stmt 0 view .LVU50
 222 0002 0268     		ldr	r2, [r0]
 223              		.loc 1 126 5 view .LVU51
 224 0004 074B     		ldr	r3, .L15
 225 0006 9A42     		cmp	r2, r3
 226 0008 00D0     		beq	.L14
 227              	.LVL6:
 228              	.L11:
 127:Src/stm32l4xx_hal_msp.c ****   {
 128:Src/stm32l4xx_hal_msp.c ****   /* USER CODE BEGIN SPI1_MspDeInit 0 */
 129:Src/stm32l4xx_hal_msp.c **** 
 130:Src/stm32l4xx_hal_msp.c ****   /* USER CODE END SPI1_MspDeInit 0 */
 131:Src/stm32l4xx_hal_msp.c ****     /* Peripheral clock disable */
 132:Src/stm32l4xx_hal_msp.c ****     __HAL_RCC_SPI1_CLK_DISABLE();
 133:Src/stm32l4xx_hal_msp.c **** 
 134:Src/stm32l4xx_hal_msp.c ****     /**SPI1 GPIO Configuration
 135:Src/stm32l4xx_hal_msp.c ****     PA1     ------> SPI1_SCK
 136:Src/stm32l4xx_hal_msp.c ****     PA4     ------> SPI1_NSS
 137:Src/stm32l4xx_hal_msp.c ****     PA6     ------> SPI1_MISO
 138:Src/stm32l4xx_hal_msp.c ****     PA7     ------> SPI1_MOSI
 139:Src/stm32l4xx_hal_msp.c ****     */
 140:Src/stm32l4xx_hal_msp.c ****     HAL_GPIO_DeInit(GPIOA, GPIO_PIN_1|GPIO_PIN_4|GPIO_PIN_6|GPIO_PIN_7);
 141:Src/stm32l4xx_hal_msp.c **** 
 142:Src/stm32l4xx_hal_msp.c ****   /* USER CODE BEGIN SPI1_MspDeInit 1 */
 143:Src/stm32l4xx_hal_msp.c **** 
 144:Src/stm32l4xx_hal_msp.c ****   /* USER CODE END SPI1_MspDeInit 1 */
 145:Src/stm32l4xx_hal_msp.c ****   }
 146:Src/stm32l4xx_hal_msp.c **** 
 147:Src/stm32l4xx_hal_msp.c **** }
 229              		.loc 1 147 1 view .LVU52
 230 000a 08BD     		pop	{r3, pc}
 231              	.LVL7:
 232              	.L14:
 132:Src/stm32l4xx_hal_msp.c **** 
ARM GAS  /tmp/cccgjKD9.s 			page 8


 233              		.loc 1 132 5 is_stmt 1 view .LVU53
 234 000c 064A     		ldr	r2, .L15+4
 235 000e 136E     		ldr	r3, [r2, #96]
 236 0010 23F48053 		bic	r3, r3, #4096
 237 0014 1366     		str	r3, [r2, #96]
 140:Src/stm32l4xx_hal_msp.c **** 
 238              		.loc 1 140 5 view .LVU54
 239 0016 D221     		movs	r1, #210
 240 0018 4FF09040 		mov	r0, #1207959552
 241              	.LVL8:
 140:Src/stm32l4xx_hal_msp.c **** 
 242              		.loc 1 140 5 is_stmt 0 view .LVU55
 243 001c FFF7FEFF 		bl	HAL_GPIO_DeInit
 244              	.LVL9:
 245              		.loc 1 147 1 view .LVU56
 246 0020 F3E7     		b	.L11
 247              	.L16:
 248 0022 00BF     		.align	2
 249              	.L15:
 250 0024 00300140 		.word	1073819648
 251 0028 00100240 		.word	1073876992
 252              		.cfi_endproc
 253              	.LFE134:
 255              		.section	.text.HAL_UART_MspInit,"ax",%progbits
 256              		.align	1
 257              		.global	HAL_UART_MspInit
 258              		.syntax unified
 259              		.thumb
 260              		.thumb_func
 261              		.fpu fpv4-sp-d16
 263              	HAL_UART_MspInit:
 264              	.LVL10:
 265              	.LFB135:
 148:Src/stm32l4xx_hal_msp.c **** 
 149:Src/stm32l4xx_hal_msp.c **** /**
 150:Src/stm32l4xx_hal_msp.c **** * @brief UART MSP Initialization
 151:Src/stm32l4xx_hal_msp.c **** * This function configures the hardware resources used in this example
 152:Src/stm32l4xx_hal_msp.c **** * @param huart: UART handle pointer
 153:Src/stm32l4xx_hal_msp.c **** * @retval None
 154:Src/stm32l4xx_hal_msp.c **** */
 155:Src/stm32l4xx_hal_msp.c **** void HAL_UART_MspInit(UART_HandleTypeDef* huart)
 156:Src/stm32l4xx_hal_msp.c **** {
 266              		.loc 1 156 1 is_stmt 1 view -0
 267              		.cfi_startproc
 268              		@ args = 0, pretend = 0, frame = 32
 269              		@ frame_needed = 0, uses_anonymous_args = 0
 270              		.loc 1 156 1 is_stmt 0 view .LVU58
 271 0000 70B5     		push	{r4, r5, r6, lr}
 272              	.LCFI7:
 273              		.cfi_def_cfa_offset 16
 274              		.cfi_offset 4, -16
 275              		.cfi_offset 5, -12
 276              		.cfi_offset 6, -8
 277              		.cfi_offset 14, -4
 278 0002 88B0     		sub	sp, sp, #32
 279              	.LCFI8:
 280              		.cfi_def_cfa_offset 48
ARM GAS  /tmp/cccgjKD9.s 			page 9


 157:Src/stm32l4xx_hal_msp.c ****   GPIO_InitTypeDef GPIO_InitStruct = {0};
 281              		.loc 1 157 3 is_stmt 1 view .LVU59
 282              		.loc 1 157 20 is_stmt 0 view .LVU60
 283 0004 0023     		movs	r3, #0
 284 0006 0393     		str	r3, [sp, #12]
 285 0008 0493     		str	r3, [sp, #16]
 286 000a 0593     		str	r3, [sp, #20]
 287 000c 0693     		str	r3, [sp, #24]
 288 000e 0793     		str	r3, [sp, #28]
 158:Src/stm32l4xx_hal_msp.c ****   if(huart->Instance==USART2)
 289              		.loc 1 158 3 is_stmt 1 view .LVU61
 290              		.loc 1 158 11 is_stmt 0 view .LVU62
 291 0010 0268     		ldr	r2, [r0]
 292              		.loc 1 158 5 view .LVU63
 293 0012 1A4B     		ldr	r3, .L21
 294 0014 9A42     		cmp	r2, r3
 295 0016 01D0     		beq	.L20
 296              	.LVL11:
 297              	.L17:
 159:Src/stm32l4xx_hal_msp.c ****   {
 160:Src/stm32l4xx_hal_msp.c ****   /* USER CODE BEGIN USART2_MspInit 0 */
 161:Src/stm32l4xx_hal_msp.c **** 
 162:Src/stm32l4xx_hal_msp.c ****   /* USER CODE END USART2_MspInit 0 */
 163:Src/stm32l4xx_hal_msp.c ****     /* Peripheral clock enable */
 164:Src/stm32l4xx_hal_msp.c ****     __HAL_RCC_USART2_CLK_ENABLE();
 165:Src/stm32l4xx_hal_msp.c **** 
 166:Src/stm32l4xx_hal_msp.c ****     __HAL_RCC_GPIOA_CLK_ENABLE();
 167:Src/stm32l4xx_hal_msp.c ****     /**USART2 GPIO Configuration
 168:Src/stm32l4xx_hal_msp.c ****     PA2     ------> USART2_TX
 169:Src/stm32l4xx_hal_msp.c ****     PA15 (JTDI)     ------> USART2_RX
 170:Src/stm32l4xx_hal_msp.c ****     */
 171:Src/stm32l4xx_hal_msp.c ****     GPIO_InitStruct.Pin = VCP_TX_Pin;
 172:Src/stm32l4xx_hal_msp.c ****     GPIO_InitStruct.Mode = GPIO_MODE_AF_PP;
 173:Src/stm32l4xx_hal_msp.c ****     GPIO_InitStruct.Pull = GPIO_NOPULL;
 174:Src/stm32l4xx_hal_msp.c ****     GPIO_InitStruct.Speed = GPIO_SPEED_FREQ_VERY_HIGH;
 175:Src/stm32l4xx_hal_msp.c ****     GPIO_InitStruct.Alternate = GPIO_AF7_USART2;
 176:Src/stm32l4xx_hal_msp.c ****     HAL_GPIO_Init(VCP_TX_GPIO_Port, &GPIO_InitStruct);
 177:Src/stm32l4xx_hal_msp.c **** 
 178:Src/stm32l4xx_hal_msp.c ****     GPIO_InitStruct.Pin = VCP_RX_Pin;
 179:Src/stm32l4xx_hal_msp.c ****     GPIO_InitStruct.Mode = GPIO_MODE_AF_PP;
 180:Src/stm32l4xx_hal_msp.c ****     GPIO_InitStruct.Pull = GPIO_NOPULL;
 181:Src/stm32l4xx_hal_msp.c ****     GPIO_InitStruct.Speed = GPIO_SPEED_FREQ_VERY_HIGH;
 182:Src/stm32l4xx_hal_msp.c ****     GPIO_InitStruct.Alternate = GPIO_AF3_USART2;
 183:Src/stm32l4xx_hal_msp.c ****     HAL_GPIO_Init(VCP_RX_GPIO_Port, &GPIO_InitStruct);
 184:Src/stm32l4xx_hal_msp.c **** 
 185:Src/stm32l4xx_hal_msp.c ****   /* USER CODE BEGIN USART2_MspInit 1 */
 186:Src/stm32l4xx_hal_msp.c **** 
 187:Src/stm32l4xx_hal_msp.c ****   /* USER CODE END USART2_MspInit 1 */
 188:Src/stm32l4xx_hal_msp.c ****   }
 189:Src/stm32l4xx_hal_msp.c **** 
 190:Src/stm32l4xx_hal_msp.c **** }
 298              		.loc 1 190 1 view .LVU64
 299 0018 08B0     		add	sp, sp, #32
 300              	.LCFI9:
 301              		.cfi_remember_state
 302              		.cfi_def_cfa_offset 16
 303              		@ sp needed
ARM GAS  /tmp/cccgjKD9.s 			page 10


 304 001a 70BD     		pop	{r4, r5, r6, pc}
 305              	.LVL12:
 306              	.L20:
 307              	.LCFI10:
 308              		.cfi_restore_state
 164:Src/stm32l4xx_hal_msp.c **** 
 309              		.loc 1 164 5 is_stmt 1 view .LVU65
 310              	.LBB6:
 164:Src/stm32l4xx_hal_msp.c **** 
 311              		.loc 1 164 5 view .LVU66
 164:Src/stm32l4xx_hal_msp.c **** 
 312              		.loc 1 164 5 view .LVU67
 313 001c 03F5E633 		add	r3, r3, #117760
 314 0020 9A6D     		ldr	r2, [r3, #88]
 315 0022 42F40032 		orr	r2, r2, #131072
 316 0026 9A65     		str	r2, [r3, #88]
 164:Src/stm32l4xx_hal_msp.c **** 
 317              		.loc 1 164 5 view .LVU68
 318 0028 9A6D     		ldr	r2, [r3, #88]
 319 002a 02F40032 		and	r2, r2, #131072
 320 002e 0192     		str	r2, [sp, #4]
 164:Src/stm32l4xx_hal_msp.c **** 
 321              		.loc 1 164 5 view .LVU69
 322 0030 019A     		ldr	r2, [sp, #4]
 323              	.LBE6:
 164:Src/stm32l4xx_hal_msp.c **** 
 324              		.loc 1 164 5 view .LVU70
 166:Src/stm32l4xx_hal_msp.c ****     /**USART2 GPIO Configuration
 325              		.loc 1 166 5 view .LVU71
 326              	.LBB7:
 166:Src/stm32l4xx_hal_msp.c ****     /**USART2 GPIO Configuration
 327              		.loc 1 166 5 view .LVU72
 166:Src/stm32l4xx_hal_msp.c ****     /**USART2 GPIO Configuration
 328              		.loc 1 166 5 view .LVU73
 329 0032 DA6C     		ldr	r2, [r3, #76]
 330 0034 42F00102 		orr	r2, r2, #1
 331 0038 DA64     		str	r2, [r3, #76]
 166:Src/stm32l4xx_hal_msp.c ****     /**USART2 GPIO Configuration
 332              		.loc 1 166 5 view .LVU74
 333 003a DB6C     		ldr	r3, [r3, #76]
 334 003c 03F00103 		and	r3, r3, #1
 335 0040 0293     		str	r3, [sp, #8]
 166:Src/stm32l4xx_hal_msp.c ****     /**USART2 GPIO Configuration
 336              		.loc 1 166 5 view .LVU75
 337 0042 029B     		ldr	r3, [sp, #8]
 338              	.LBE7:
 166:Src/stm32l4xx_hal_msp.c ****     /**USART2 GPIO Configuration
 339              		.loc 1 166 5 view .LVU76
 171:Src/stm32l4xx_hal_msp.c ****     GPIO_InitStruct.Mode = GPIO_MODE_AF_PP;
 340              		.loc 1 171 5 view .LVU77
 171:Src/stm32l4xx_hal_msp.c ****     GPIO_InitStruct.Mode = GPIO_MODE_AF_PP;
 341              		.loc 1 171 25 is_stmt 0 view .LVU78
 342 0044 0423     		movs	r3, #4
 343 0046 0393     		str	r3, [sp, #12]
 172:Src/stm32l4xx_hal_msp.c ****     GPIO_InitStruct.Pull = GPIO_NOPULL;
 344              		.loc 1 172 5 is_stmt 1 view .LVU79
 172:Src/stm32l4xx_hal_msp.c ****     GPIO_InitStruct.Pull = GPIO_NOPULL;
ARM GAS  /tmp/cccgjKD9.s 			page 11


 345              		.loc 1 172 26 is_stmt 0 view .LVU80
 346 0048 0226     		movs	r6, #2
 347 004a 0496     		str	r6, [sp, #16]
 173:Src/stm32l4xx_hal_msp.c ****     GPIO_InitStruct.Speed = GPIO_SPEED_FREQ_VERY_HIGH;
 348              		.loc 1 173 5 is_stmt 1 view .LVU81
 173:Src/stm32l4xx_hal_msp.c ****     GPIO_InitStruct.Speed = GPIO_SPEED_FREQ_VERY_HIGH;
 349              		.loc 1 173 26 is_stmt 0 view .LVU82
 350 004c 0025     		movs	r5, #0
 351 004e 0595     		str	r5, [sp, #20]
 174:Src/stm32l4xx_hal_msp.c ****     GPIO_InitStruct.Alternate = GPIO_AF7_USART2;
 352              		.loc 1 174 5 is_stmt 1 view .LVU83
 174:Src/stm32l4xx_hal_msp.c ****     GPIO_InitStruct.Alternate = GPIO_AF7_USART2;
 353              		.loc 1 174 27 is_stmt 0 view .LVU84
 354 0050 0324     		movs	r4, #3
 355 0052 0694     		str	r4, [sp, #24]
 175:Src/stm32l4xx_hal_msp.c ****     HAL_GPIO_Init(VCP_TX_GPIO_Port, &GPIO_InitStruct);
 356              		.loc 1 175 5 is_stmt 1 view .LVU85
 175:Src/stm32l4xx_hal_msp.c ****     HAL_GPIO_Init(VCP_TX_GPIO_Port, &GPIO_InitStruct);
 357              		.loc 1 175 31 is_stmt 0 view .LVU86
 358 0054 0723     		movs	r3, #7
 359 0056 0793     		str	r3, [sp, #28]
 176:Src/stm32l4xx_hal_msp.c **** 
 360              		.loc 1 176 5 is_stmt 1 view .LVU87
 361 0058 03A9     		add	r1, sp, #12
 362 005a 4FF09040 		mov	r0, #1207959552
 363              	.LVL13:
 176:Src/stm32l4xx_hal_msp.c **** 
 364              		.loc 1 176 5 is_stmt 0 view .LVU88
 365 005e FFF7FEFF 		bl	HAL_GPIO_Init
 366              	.LVL14:
 178:Src/stm32l4xx_hal_msp.c ****     GPIO_InitStruct.Mode = GPIO_MODE_AF_PP;
 367              		.loc 1 178 5 is_stmt 1 view .LVU89
 178:Src/stm32l4xx_hal_msp.c ****     GPIO_InitStruct.Mode = GPIO_MODE_AF_PP;
 368              		.loc 1 178 25 is_stmt 0 view .LVU90
 369 0062 4FF40043 		mov	r3, #32768
 370 0066 0393     		str	r3, [sp, #12]
 179:Src/stm32l4xx_hal_msp.c ****     GPIO_InitStruct.Pull = GPIO_NOPULL;
 371              		.loc 1 179 5 is_stmt 1 view .LVU91
 179:Src/stm32l4xx_hal_msp.c ****     GPIO_InitStruct.Pull = GPIO_NOPULL;
 372              		.loc 1 179 26 is_stmt 0 view .LVU92
 373 0068 0496     		str	r6, [sp, #16]
 180:Src/stm32l4xx_hal_msp.c ****     GPIO_InitStruct.Speed = GPIO_SPEED_FREQ_VERY_HIGH;
 374              		.loc 1 180 5 is_stmt 1 view .LVU93
 180:Src/stm32l4xx_hal_msp.c ****     GPIO_InitStruct.Speed = GPIO_SPEED_FREQ_VERY_HIGH;
 375              		.loc 1 180 26 is_stmt 0 view .LVU94
 376 006a 0595     		str	r5, [sp, #20]
 181:Src/stm32l4xx_hal_msp.c ****     GPIO_InitStruct.Alternate = GPIO_AF3_USART2;
 377              		.loc 1 181 5 is_stmt 1 view .LVU95
 181:Src/stm32l4xx_hal_msp.c ****     GPIO_InitStruct.Alternate = GPIO_AF3_USART2;
 378              		.loc 1 181 27 is_stmt 0 view .LVU96
 379 006c 0694     		str	r4, [sp, #24]
 182:Src/stm32l4xx_hal_msp.c ****     HAL_GPIO_Init(VCP_RX_GPIO_Port, &GPIO_InitStruct);
 380              		.loc 1 182 5 is_stmt 1 view .LVU97
 182:Src/stm32l4xx_hal_msp.c ****     HAL_GPIO_Init(VCP_RX_GPIO_Port, &GPIO_InitStruct);
 381              		.loc 1 182 31 is_stmt 0 view .LVU98
 382 006e 0794     		str	r4, [sp, #28]
 183:Src/stm32l4xx_hal_msp.c **** 
ARM GAS  /tmp/cccgjKD9.s 			page 12


 383              		.loc 1 183 5 is_stmt 1 view .LVU99
 384 0070 03A9     		add	r1, sp, #12
 385 0072 4FF09040 		mov	r0, #1207959552
 386 0076 FFF7FEFF 		bl	HAL_GPIO_Init
 387              	.LVL15:
 388              		.loc 1 190 1 is_stmt 0 view .LVU100
 389 007a CDE7     		b	.L17
 390              	.L22:
 391              		.align	2
 392              	.L21:
 393 007c 00440040 		.word	1073759232
 394              		.cfi_endproc
 395              	.LFE135:
 397              		.section	.text.HAL_UART_MspDeInit,"ax",%progbits
 398              		.align	1
 399              		.global	HAL_UART_MspDeInit
 400              		.syntax unified
 401              		.thumb
 402              		.thumb_func
 403              		.fpu fpv4-sp-d16
 405              	HAL_UART_MspDeInit:
 406              	.LVL16:
 407              	.LFB136:
 191:Src/stm32l4xx_hal_msp.c **** 
 192:Src/stm32l4xx_hal_msp.c **** /**
 193:Src/stm32l4xx_hal_msp.c **** * @brief UART MSP De-Initialization
 194:Src/stm32l4xx_hal_msp.c **** * This function freeze the hardware resources used in this example
 195:Src/stm32l4xx_hal_msp.c **** * @param huart: UART handle pointer
 196:Src/stm32l4xx_hal_msp.c **** * @retval None
 197:Src/stm32l4xx_hal_msp.c **** */
 198:Src/stm32l4xx_hal_msp.c **** void HAL_UART_MspDeInit(UART_HandleTypeDef* huart)
 199:Src/stm32l4xx_hal_msp.c **** {
 408              		.loc 1 199 1 is_stmt 1 view -0
 409              		.cfi_startproc
 410              		@ args = 0, pretend = 0, frame = 0
 411              		@ frame_needed = 0, uses_anonymous_args = 0
 412              		.loc 1 199 1 is_stmt 0 view .LVU102
 413 0000 08B5     		push	{r3, lr}
 414              	.LCFI11:
 415              		.cfi_def_cfa_offset 8
 416              		.cfi_offset 3, -8
 417              		.cfi_offset 14, -4
 200:Src/stm32l4xx_hal_msp.c ****   if(huart->Instance==USART2)
 418              		.loc 1 200 3 is_stmt 1 view .LVU103
 419              		.loc 1 200 11 is_stmt 0 view .LVU104
 420 0002 0268     		ldr	r2, [r0]
 421              		.loc 1 200 5 view .LVU105
 422 0004 074B     		ldr	r3, .L27
 423 0006 9A42     		cmp	r2, r3
 424 0008 00D0     		beq	.L26
 425              	.LVL17:
 426              	.L23:
 201:Src/stm32l4xx_hal_msp.c ****   {
 202:Src/stm32l4xx_hal_msp.c ****   /* USER CODE BEGIN USART2_MspDeInit 0 */
 203:Src/stm32l4xx_hal_msp.c **** 
 204:Src/stm32l4xx_hal_msp.c ****   /* USER CODE END USART2_MspDeInit 0 */
 205:Src/stm32l4xx_hal_msp.c ****     /* Peripheral clock disable */
ARM GAS  /tmp/cccgjKD9.s 			page 13


 206:Src/stm32l4xx_hal_msp.c ****     __HAL_RCC_USART2_CLK_DISABLE();
 207:Src/stm32l4xx_hal_msp.c **** 
 208:Src/stm32l4xx_hal_msp.c ****     /**USART2 GPIO Configuration
 209:Src/stm32l4xx_hal_msp.c ****     PA2     ------> USART2_TX
 210:Src/stm32l4xx_hal_msp.c ****     PA15 (JTDI)     ------> USART2_RX
 211:Src/stm32l4xx_hal_msp.c ****     */
 212:Src/stm32l4xx_hal_msp.c ****     HAL_GPIO_DeInit(GPIOA, VCP_TX_Pin|VCP_RX_Pin);
 213:Src/stm32l4xx_hal_msp.c **** 
 214:Src/stm32l4xx_hal_msp.c ****   /* USER CODE BEGIN USART2_MspDeInit 1 */
 215:Src/stm32l4xx_hal_msp.c **** 
 216:Src/stm32l4xx_hal_msp.c ****   /* USER CODE END USART2_MspDeInit 1 */
 217:Src/stm32l4xx_hal_msp.c ****   }
 218:Src/stm32l4xx_hal_msp.c **** 
 219:Src/stm32l4xx_hal_msp.c **** }
 427              		.loc 1 219 1 view .LVU106
 428 000a 08BD     		pop	{r3, pc}
 429              	.LVL18:
 430              	.L26:
 206:Src/stm32l4xx_hal_msp.c **** 
 431              		.loc 1 206 5 is_stmt 1 view .LVU107
 432 000c 064A     		ldr	r2, .L27+4
 433 000e 936D     		ldr	r3, [r2, #88]
 434 0010 23F40033 		bic	r3, r3, #131072
 435 0014 9365     		str	r3, [r2, #88]
 212:Src/stm32l4xx_hal_msp.c **** 
 436              		.loc 1 212 5 view .LVU108
 437 0016 48F20401 		movw	r1, #32772
 438 001a 4FF09040 		mov	r0, #1207959552
 439              	.LVL19:
 212:Src/stm32l4xx_hal_msp.c **** 
 440              		.loc 1 212 5 is_stmt 0 view .LVU109
 441 001e FFF7FEFF 		bl	HAL_GPIO_DeInit
 442              	.LVL20:
 443              		.loc 1 219 1 view .LVU110
 444 0022 F2E7     		b	.L23
 445              	.L28:
 446              		.align	2
 447              	.L27:
 448 0024 00440040 		.word	1073759232
 449 0028 00100240 		.word	1073876992
 450              		.cfi_endproc
 451              	.LFE136:
 453              		.text
 454              	.Letext0:
 455              		.file 2 "/usr/lib/gcc/arm-none-eabi/9.2.1/include/stdint.h"
 456              		.file 3 "Drivers/CMSIS/Include/core_cm4.h"
 457              		.file 4 "Drivers/CMSIS/Device/ST/STM32L4xx/Include/system_stm32l4xx.h"
 458              		.file 5 "Drivers/CMSIS/Device/ST/STM32L4xx/Include/stm32l412xx.h"
 459              		.file 6 "Drivers/STM32L4xx_HAL_Driver/Inc/stm32l4xx_hal_def.h"
 460              		.file 7 "Drivers/STM32L4xx_HAL_Driver/Inc/stm32l4xx_hal_gpio.h"
 461              		.file 8 "Drivers/STM32L4xx_HAL_Driver/Inc/stm32l4xx_hal_dma.h"
 462              		.file 9 "Drivers/STM32L4xx_HAL_Driver/Inc/stm32l4xx_hal_flash.h"
 463              		.file 10 "Drivers/STM32L4xx_HAL_Driver/Inc/stm32l4xx_hal_spi.h"
 464              		.file 11 "Drivers/STM32L4xx_HAL_Driver/Inc/stm32l4xx_hal_uart.h"
 465              		.file 12 "Drivers/STM32L4xx_HAL_Driver/Inc/stm32l4xx_hal.h"
ARM GAS  /tmp/cccgjKD9.s 			page 14


DEFINED SYMBOLS
                            *ABS*:0000000000000000 stm32l4xx_hal_msp.c
     /tmp/cccgjKD9.s:18     .text.HAL_MspInit:0000000000000000 $t
     /tmp/cccgjKD9.s:26     .text.HAL_MspInit:0000000000000000 HAL_MspInit
     /tmp/cccgjKD9.s:77     .text.HAL_MspInit:000000000000002c $d
     /tmp/cccgjKD9.s:82     .text.HAL_SPI_MspInit:0000000000000000 $t
     /tmp/cccgjKD9.s:89     .text.HAL_SPI_MspInit:0000000000000000 HAL_SPI_MspInit
     /tmp/cccgjKD9.s:195    .text.HAL_SPI_MspInit:0000000000000068 $d
     /tmp/cccgjKD9.s:200    .text.HAL_SPI_MspDeInit:0000000000000000 $t
     /tmp/cccgjKD9.s:207    .text.HAL_SPI_MspDeInit:0000000000000000 HAL_SPI_MspDeInit
     /tmp/cccgjKD9.s:250    .text.HAL_SPI_MspDeInit:0000000000000024 $d
     /tmp/cccgjKD9.s:256    .text.HAL_UART_MspInit:0000000000000000 $t
     /tmp/cccgjKD9.s:263    .text.HAL_UART_MspInit:0000000000000000 HAL_UART_MspInit
     /tmp/cccgjKD9.s:393    .text.HAL_UART_MspInit:000000000000007c $d
     /tmp/cccgjKD9.s:398    .text.HAL_UART_MspDeInit:0000000000000000 $t
     /tmp/cccgjKD9.s:405    .text.HAL_UART_MspDeInit:0000000000000000 HAL_UART_MspDeInit
     /tmp/cccgjKD9.s:448    .text.HAL_UART_MspDeInit:0000000000000024 $d

UNDEFINED SYMBOLS
HAL_GPIO_Init
HAL_GPIO_DeInit
